Arguments: 
  /usr/local/bin/node /usr/local/bin/yarn add aphid-build -S

PATH: 
  /usr/local/bin:/usr/bin:/bin:/usr/sbin:/sbin:/usr/local/mysql/bin:/Users/joe.zhou/myspace/android-sdk/tools:{ANDROID_HOME}/platform-tools:/Users/joe.zhou/myspace/my-flutter/flutter/bin:/Users/joe.zhou/depot_tools:/usr/local/mysql/bin:/Users/joe.zhou/myspace/android-sdk/tools:{ANDROID_HOME}/platform-tools:/Users/joe.zhou/myspace/my-flutter/flutter/bin::/Users/joe.zhou/depot_tools

Yarn version: 
  1.15.2

Node version: 
  10.14.1

Platform: 
  darwin x64

Trace: 
  Error: https://registry.npm.taobao.org/aphid-build: Not found
      at Request.params.callback [as _callback] (/usr/local/lib/node_modules/yarn/lib/cli.js:66058:18)
      at Request.self.callback (/usr/local/lib/node_modules/yarn/lib/cli.js:129541:22)
      at Request.emit (events.js:182:13)
      at Request.<anonymous> (/usr/local/lib/node_modules/yarn/lib/cli.js:130513:10)
      at Request.emit (events.js:182:13)
      at IncomingMessage.<anonymous> (/usr/local/lib/node_modules/yarn/lib/cli.js:130435:12)
      at Object.onceWrapper (events.js:273:13)
      at IncomingMessage.emit (events.js:187:15)
      at endReadableNT (_stream_readable.js:1094:12)
      at process._tickCallback (internal/process/next_tick.js:63:19)

npm manifest: 
  {
    "name": "with-basic",
    "version": "1.0.0",
    "description": "",
    "main": "index.js",
    "scripts": {
      "start": "ts-node ./index.js"
    },
    "keywords": [],
    "author": "",
    "license": "ISC"
  }

yarn manifest: 
  No manifest

Lockfile: 
  No lockfile
